TN:
SF:script/DecentralizedStableCoinDeploy.s.sol
DA:9,16
FN:9,DecentralizedStableCoinDeploy.run
FNDA:16,DecentralizedStableCoinDeploy.run
DA:10,16
DA:11,16
DA:12,16
DA:14,16
FNF:1
FNH:1
LF:5
LH:5
BRF:0
BRH:0
end_of_record
TN:
SF:script/DeployDSCEngine.s.sol
DA:14,6
FN:14,DeployDSCEngine.run
FNDA:6,DeployDSCEngine.run
DA:18,6
DA:20,6
DA:26,6
DA:28,6
DA:29,6
DA:31,6
DA:32,6
DA:33,6
DA:38,6
DA:40,6
DA:42,6
FNF:1
FNH:1
LF:12
LH:12
BRF:0
BRH:0
end_of_record
TN:
SF:script/HelperConfig.s.sol
DA:20,6
FN:20,HelperConfig.constructor
FNDA:6,HelperConfig.constructor
DA:21,6
BRDA:21,0,0,-
BRDA:21,0,1,6
DA:22,0
DA:24,6
DA:34,0
FN:34,HelperConfig.getSepoliaConfig
FNDA:0,HelperConfig.getSepoliaConfig
DA:39,0
DA:48,6
FN:48,HelperConfig.getOrCreateAnvilEthConfig
FNDA:6,HelperConfig.getOrCreateAnvilEthConfig
DA:52,6
BRDA:52,1,0,-
DA:53,0
DA:56,6
DA:57,6
DA:62,6
DA:63,6
DA:64,6
DA:69,6
DA:70,6
DA:71,6
DA:73,6
FNF:3
FNH:2
LF:18
LH:14
BRF:3
BRH:1
end_of_record
TN:
SF:src/DSCEngine.sol
DA:106,0
FN:106,DSCEngine.moreThanZero
FNDA:0,DSCEngine.moreThanZero
DA:107,0
BRDA:107,0,0,-
DA:108,0
DA:113,2
FN:113,DSCEngine.isAllowedToken
FNDA:2,DSCEngine.isAllowedToken
DA:114,2
BRDA:114,1,0,1
DA:115,1
DA:124,7
FN:124,DSCEngine.constructor
FNDA:7,DSCEngine.constructor
DA:131,7
BRDA:131,2,0,1
DA:132,1
DA:135,6
DA:136,12
DA:137,12
DA:140,6
DA:154,3
FN:154,DSCEngine.depositCollateral
FNDA:3,DSCEngine.depositCollateral
DA:163,1
DA:166,1
DA:172,1
DA:177,1
BRDA:177,3,0,-
DA:178,0
DA:188,0
FN:188,DSCEngine.depositCollateralAndMintDsc
FNDA:0,DSCEngine.depositCollateralAndMintDsc
DA:193,0
DA:194,0
DA:204,0
FN:204,DSCEngine.mintDsc
FNDA:0,DSCEngine.mintDsc
DA:207,0
DA:209,0
DA:210,0
DA:211,0
BRDA:211,4,0,-
DA:212,0
DA:219,0
FN:219,DSCEngine.redeemCollateral
FNDA:0,DSCEngine.redeemCollateral
DA:223,0
DA:229,0
DA:239,0
FN:239,DSCEngine.redeemCollateralForDsc
FNDA:0,DSCEngine.redeemCollateralForDsc
DA:244,0
DA:245,0
DA:250,0
FN:250,DSCEngine.burnDsc
FNDA:0,DSCEngine.burnDsc
DA:251,0
DA:252,0
DA:271,0
FN:271,DSCEngine.liquidate
FNDA:0,DSCEngine.liquidate
DA:277,0
DA:278,0
BRDA:278,5,0,-
DA:279,0
DA:287,0
DA:297,0
DA:300,0
DA:304,0
DA:312,0
DA:314,0
DA:315,0
BRDA:315,6,0,-
DA:316,0
DA:318,0
DA:321,0
FN:321,DSCEngine.getHealthFactor
FNDA:0,DSCEngine.getHealthFactor
DA:331,0
FN:331,DSCEngine._burnDsc
FNDA:0,DSCEngine._burnDsc
DA:336,0
DA:337,0
DA:343,0
BRDA:343,7,0,-
DA:344,0
DA:346,0
DA:349,0
FN:349,DSCEngine._redeemCollateral
FNDA:0,DSCEngine._redeemCollateral
DA:355,0
DA:356,0
DA:363,0
DA:367,0
BRDA:367,8,0,-
DA:368,0
DA:370,0
DA:373,1
FN:373,DSCEngine._getAccountInformation
FNDA:1,DSCEngine._getAccountInformation
DA:380,1
DA:381,1
DA:388,0
FN:388,DSCEngine._healthFactor
FNDA:0,DSCEngine._healthFactor
DA:391,0
DA:394,0
DA:395,0
DA:397,0
DA:402,0
FN:402,DSCEngine._revertIfHealthFactorIsBroken
FNDA:0,DSCEngine._revertIfHealthFactorIsBroken
DA:403,0
DA:404,0
BRDA:404,9,0,-
DA:405,0
DA:413,1
FN:413,DSCEngine.getAccountInformation
FNDA:1,DSCEngine.getAccountInformation
DA:420,1
DA:421,0
DA:425,2
FN:425,DSCEngine.getTokenAmountFromUsd
FNDA:2,DSCEngine.getTokenAmountFromUsd
DA:432,2
DA:435,2
DA:437,2
DA:439,2
DA:442,0
FN:442,DSCEngine.getAccountCollateralValue
FNDA:0,DSCEngine.getAccountCollateralValue
DA:447,1
DA:448,2
DA:449,2
DA:450,2
DA:453,0
DA:456,1
FN:456,DSCEngine.getUSDvalue
FNDA:1,DSCEngine.getUSDvalue
DA:463,3
DA:467,3
DA:468,3
DA:475,0
FN:475,DSCEngine.getUserBalanceInEth
FNDA:0,DSCEngine.getUserBalanceInEth
DA:479,0
FNF:21
FNH:7
LF:96
LH:33
BRF:10
BRH:2
end_of_record
TN:
SF:src/DecentralizedStableCoin.sol
DA:60,22
FN:60,DecentralizedStableCoin.constructor
FNDA:22,DecentralizedStableCoin.constructor
DA:61,22
DA:64,7
FN:64,DecentralizedStableCoin.burn
FNDA:7,DecentralizedStableCoin.burn
DA:65,5
DA:66,5
BRDA:66,0,0,1
DA:67,1
DA:69,4
BRDA:69,1,0,1
DA:70,1
DA:72,3
DA:74,3
DA:77,12
FN:77,DecentralizedStableCoin.mint
FNDA:12,DecentralizedStableCoin.mint
DA:81,10
BRDA:81,2,0,1
DA:82,1
DA:84,9
BRDA:84,3,0,1
DA:85,1
DA:87,8
DA:89,8
DA:91,8
DA:94,0
FN:94,DecentralizedStableCoin.getOwner
FNDA:0,DecentralizedStableCoin.getOwner
DA:95,0
FNF:4
FNH:3
LF:20
LH:18
BRF:4
BRH:4
end_of_record
TN:
SF:test/Mocks/MockV3Aggregator.sol
DA:24,0
FN:24,MockV3Aggregator.constructor
FNDA:0,MockV3Aggregator.constructor
DA:25,0
DA:26,0
DA:29,0
FN:29,MockV3Aggregator.updateAnswer
FNDA:0,MockV3Aggregator.updateAnswer
DA:30,0
DA:31,0
DA:32,0
DA:33,0
DA:34,0
DA:35,0
DA:38,0
FN:38,MockV3Aggregator.updateRoundData
FNDA:0,MockV3Aggregator.updateRoundData
DA:39,0
DA:40,0
DA:41,0
DA:42,0
DA:43,0
DA:44,0
DA:47,0
FN:47,MockV3Aggregator.getRoundData
FNDA:0,MockV3Aggregator.getRoundData
DA:52,0
DA:55,0
FN:55,MockV3Aggregator.latestRoundData
FNDA:0,MockV3Aggregator.latestRoundData
DA:60,0
DA:69,0
FN:69,MockV3Aggregator.description
FNDA:0,MockV3Aggregator.description
DA:70,0
FNF:6
FNH:0
LF:23
LH:0
BRF:0
BRH:0
end_of_record
TN:
SF:test/mocks/MockV3Aggregator.sol
DA:24,12
FN:24,MockV3Aggregator.constructor
FNDA:12,MockV3Aggregator.constructor
DA:25,12
DA:26,12
DA:29,12
FN:29,MockV3Aggregator.updateAnswer
FNDA:12,MockV3Aggregator.updateAnswer
DA:30,12
DA:31,12
DA:32,12
DA:33,12
DA:34,12
DA:35,12
DA:38,0
FN:38,MockV3Aggregator.updateRoundData
FNDA:0,MockV3Aggregator.updateRoundData
DA:39,0
DA:40,0
DA:41,0
DA:42,0
DA:43,0
DA:44,0
DA:47,0
FN:47,MockV3Aggregator.getRoundData
FNDA:0,MockV3Aggregator.getRoundData
DA:52,0
DA:55,5
FN:55,MockV3Aggregator.latestRoundData
FNDA:5,MockV3Aggregator.latestRoundData
DA:60,5
DA:69,0
FN:69,MockV3Aggregator.description
FNDA:0,MockV3Aggregator.description
DA:70,0
FNF:6
FNH:3
LF:23
LH:12
BRF:0
BRH:0
end_of_record
